2020/06/29 15:57:50.951 [I] [asm_amd64.s:1373]  http server Running on http://:8080
2020/06/29 15:57:52.287 [I] [asm_amd64.s:1373]  http server Running on http://:8080
2020/06/29 15:59:30.821 [I] [asm_amd64.s:1373]  http server Running on http://:8080
2020/06/29 15:59:42.874 [I] [router.go:833]  
2020/06/29 15:59:42.875 [D] [server.go:2807]  |            ::1|[42m 200 [0m|     1.0009ms|   match|[44m GET     [0m /     r:/
2020/06/29 15:59:42.901 [D] [server.go:2807]  |            ::1|[42m 200 [0m|     1.0009ms|   match|[44m GET     [0m /random   r:/random
2020/06/29 15:59:43.005 [D] [server.go:2807]  |            ::1|[42m 200 [0m|           0s|   match|[44m GET     [0m /favicon.ico
2020/06/29 16:00:02.608 [D] [server.go:2807]  |            ::1|[42m 200 [0m|           0s|   match|[44m GET     [0m /weather   r:/weather
2020/06/29 16:00:03.579 [D] [server.go:2807]  |            ::1|[42m 200 [0m|   261.2375ms|   match|[46m POST    [0m /weather   r:/weather
2020/06/29 16:00:35.168 [I] [asm_amd64.s:1373]  http server Running on http://:8080
2020/06/29 16:00:42.175 [D] [server.go:2807]  |            ::1|[42m 200 [0m|     1.0005ms|   match|[44m GET     [0m /random   r:/random
2020/06/29 16:05:21.322 [D] [server.go:2807]  |            ::1|[42m 200 [0m|      1.001ms|   match|[44m GET     [0m /weather   r:/weather
2020/06/29 16:05:22.153 [D] [server.go:2807]  |            ::1|[42m 200 [0m|     286.26ms|   match|[46m POST    [0m /weather   r:/weather
2020/06/29 16:17:16.850 [I] [asm_amd64.s:1373]  http server Running on http://:8080
2020/06/29 16:17:21.340 [D] [server.go:2807]  |            ::1|[42m 200 [0m|      1.001ms|   match|[44m GET     [0m /     r:/
2020/06/29 16:17:21.358 [D] [server.go:2807]  |            ::1|[42m 200 [0m|           0s|   match|[44m GET     [0m /static/layui/jQuerySession.js
2020/06/29 16:17:21.374 [D] [server.go:2807]  |            ::1|[42m 200 [0m|     1.0006ms|   match|[44m GET     [0m /random   r:/random
2020/06/29 16:17:21.469 [D] [server.go:2807]  |            ::1|[42m 200 [0m|     1.0008ms|   match|[44m GET     [0m /favicon.ico
2020/06/29 16:18:24.477 [D] [server.go:2807]  |            ::1|[42m 200 [0m|           0s|   match|[44m GET     [0m /     r:/
2020/06/29 16:18:24.499 [D] [server.go:2807]  |            ::1|[47m 304 [0m|           0s|   match|[44m GET     [0m /static/layui/jQuerySession.js
2020/06/29 16:18:24.510 [D] [server.go:2807]  |            ::1|[42m 200 [0m|           0s|   match|[44m GET     [0m /random   r:/random
2020/06/29 16:18:24.670 [D] [server.go:2807]  |            ::1|[42m 200 [0m|           0s|   match|[44m GET     [0m /favicon.ico
2020/06/29 16:18:38.286 [D] [server.go:2807]  |            ::1|[42m 200 [0m|           0s|   match|[44m GET     [0m /     r:/
2020/06/29 16:18:38.317 [D] [server.go:2807]  |            ::1|[42m 200 [0m|     1.0005ms|   match|[44m GET     [0m /random   r:/random
2020/06/29 16:18:38.465 [D] [server.go:2807]  |            ::1|[42m 200 [0m|     1.0012ms|   match|[44m GET     [0m /favicon.ico
2020/06/29 16:20:14.767 [D] [server.go:2807]  |            ::1|[42m 200 [0m|           0s|   match|[44m GET     [0m /     r:/
2020/06/29 16:20:14.784 [D] [server.go:2807]  |            ::1|[47m 304 [0m|      1.001ms|   match|[44m GET     [0m /static/layui/jQuerySession.js
2020/06/29 16:20:14.798 [D] [server.go:2807]  |            ::1|[42m 200 [0m|      1.001ms|   match|[44m GET     [0m /random   r:/random
2020/06/29 16:20:14.901 [D] [server.go:2807]  |            ::1|[42m 200 [0m|           0s|   match|[44m GET     [0m /favicon.ico
2020/06/29 16:20:36.969 [D] [server.go:2807]  |            ::1|[42m 200 [0m|      1.001ms|   match|[44m GET     [0m /     r:/
2020/06/29 16:20:36.998 [D] [server.go:2807]  |            ::1|[42m 200 [0m|     1.0012ms|   match|[44m GET     [0m /random   r:/random
2020/06/29 16:20:37.120 [D] [server.go:2807]  |            ::1|[42m 200 [0m|           0s|   match|[44m GET     [0m /favicon.ico
2020/06/29 16:21:23.163 [D] [server.go:2807]  |            ::1|[42m 200 [0m|     1.0006ms|   match|[44m GET     [0m /     r:/
2020/06/29 16:21:23.183 [D] [server.go:2807]  |            ::1|[47m 304 [0m|           0s|   match|[44m GET     [0m /static/layui/jQuerySession.js
2020/06/29 16:21:23.194 [D] [server.go:2807]  |            ::1|[42m 200 [0m|     1.0007ms|   match|[44m GET     [0m /random   r:/random
2020/06/29 16:21:23.310 [D] [server.go:2807]  |            ::1|[42m 200 [0m|           0s|   match|[44m GET     [0m /favicon.ico
2020/06/29 16:21:35.520 [D] [server.go:2807]  |            ::1|[42m 200 [0m|     1.0008ms|   match|[44m GET     [0m /     r:/
2020/06/29 16:21:35.547 [D] [server.go:2807]  |            ::1|[42m 200 [0m|           0s|   match|[44m GET     [0m /random   r:/random
2020/06/29 16:21:35.655 [D] [server.go:2807]  |            ::1|[42m 200 [0m|           0s|   match|[44m GET     [0m /favicon.ico
2020/06/29 16:23:17.263 [D] [server.go:2807]  |            ::1|[42m 200 [0m|     1.0006ms|   match|[44m GET     [0m /     r:/
2020/06/29 16:23:17.280 [D] [server.go:2807]  |            ::1|[47m 304 [0m|           0s|   match|[44m GET     [0m /static/layui/jQuerySession.js
2020/06/29 16:23:17.292 [D] [server.go:2807]  |            ::1|[42m 200 [0m|     1.0006ms|   match|[44m GET     [0m /random   r:/random
2020/06/29 16:23:17.396 [D] [server.go:2807]  |            ::1|[42m 200 [0m|           0s|   match|[44m GET     [0m /favicon.ico
2020/06/29 16:23:41.518 [D] [server.go:2807]  |            ::1|[42m 200 [0m|     1.0012ms|   match|[44m GET     [0m /     r:/
2020/06/29 16:23:41.548 [D] [server.go:2807]  |            ::1|[42m 200 [0m|     1.0008ms|   match|[44m GET     [0m /random   r:/random
2020/06/29 16:23:41.659 [D] [server.go:2807]  |            ::1|[42m 200 [0m|           0s|   match|[44m GET     [0m /favicon.ico
2020/06/29 16:25:25.098 [D] [server.go:2807]  |            ::1|[42m 200 [0m|     1.0012ms|   match|[44m GET     [0m /     r:/
2020/06/29 16:25:25.113 [D] [server.go:2807]  |            ::1|[47m 304 [0m|           0s|   match|[44m GET     [0m /static/layui/jQuerySession.js
2020/06/29 16:25:25.126 [D] [server.go:2807]  |            ::1|[42m 200 [0m|           0s|   match|[44m GET     [0m /random   r:/random
2020/06/29 16:25:25.229 [D] [server.go:2807]  |            ::1|[42m 200 [0m|           0s|   match|[44m GET     [0m /favicon.ico
2020/06/29 16:25:48.014 [D] [server.go:2807]  |            ::1|[42m 200 [0m|           0s|   match|[44m GET     [0m /     r:/
2020/06/29 16:25:48.045 [D] [server.go:2807]  |            ::1|[42m 200 [0m|      1.002ms|   match|[44m GET     [0m /random   r:/random
2020/06/29 16:25:48.157 [D] [server.go:2807]  |            ::1|[42m 200 [0m|           0s|   match|[44m GET     [0m /favicon.ico
2020/06/29 16:27:56.823 [D] [server.go:2807]  |            ::1|[42m 200 [0m|           0s|   match|[44m GET     [0m /     r:/
2020/06/29 16:27:56.840 [D] [server.go:2807]  |            ::1|[47m 304 [0m|           0s|   match|[44m GET     [0m /static/layui/jQuerySession.js
2020/06/29 16:27:56.854 [D] [server.go:2807]  |            ::1|[42m 200 [0m|     1.0013ms|   match|[44m GET     [0m /random   r:/random
2020/06/29 16:27:56.961 [D] [server.go:2807]  |            ::1|[42m 200 [0m|           0s|   match|[44m GET     [0m /favicon.ico
2020/06/29 16:29:03.019 [D] [server.go:2807]  |            ::1|[42m 200 [0m|           0s|   match|[44m GET     [0m /     r:/
2020/06/29 16:29:03.049 [D] [server.go:2807]  |            ::1|[42m 200 [0m|           0s|   match|[44m GET     [0m /random   r:/random
2020/06/29 16:29:03.172 [D] [server.go:2807]  |            ::1|[42m 200 [0m|           0s|   match|[44m GET     [0m /favicon.ico
2020/06/29 16:29:59.374 [D] [server.go:2807]  |            ::1|[42m 200 [0m|     1.0007ms|   match|[44m GET     [0m /     r:/
2020/06/29 16:29:59.391 [D] [server.go:2807]  |            ::1|[47m 304 [0m|           0s|   match|[44m GET     [0m /static/layui/jQuerySession.js
2020/06/29 16:29:59.402 [D] [server.go:2807]  |            ::1|[42m 200 [0m|           0s|   match|[44m GET     [0m /random   r:/random
2020/06/29 16:29:59.502 [D] [server.go:2807]  |            ::1|[42m 200 [0m|           0s|   match|[44m GET     [0m /favicon.ico
2020/06/29 16:31:40.256 [D] [server.go:2807]  |            ::1|[42m 200 [0m|           0s|   match|[44m GET     [0m /     r:/
2020/06/29 16:31:40.285 [D] [server.go:2807]  |            ::1|[42m 200 [0m|     1.0007ms|   match|[44m GET     [0m /random   r:/random
2020/06/29 16:31:40.401 [D] [server.go:2807]  |            ::1|[42m 200 [0m|           0s|   match|[44m GET     [0m /favicon.ico
2020/06/29 16:32:21.123 [D] [server.go:2807]  |            ::1|[42m 200 [0m|           0s|   match|[44m GET     [0m /     r:/
2020/06/29 16:32:21.143 [D] [server.go:2807]  |            ::1|[47m 304 [0m|           0s|   match|[44m GET     [0m /static/layui/jQuerySession.js
2020/06/29 16:32:21.156 [D] [server.go:2807]  |            ::1|[42m 200 [0m|     1.0013ms|   match|[44m GET     [0m /random   r:/random
2020/06/29 16:32:21.297 [D] [server.go:2807]  |            ::1|[42m 200 [0m|           0s|   match|[44m GET     [0m /favicon.ico
2020/06/29 16:32:47.349 [D] [server.go:2807]  |            ::1|[42m 200 [0m|     1.0009ms|   match|[44m GET     [0m /     r:/
2020/06/29 16:32:47.378 [D] [server.go:2807]  |            ::1|[42m 200 [0m|     1.0006ms|   match|[44m GET     [0m /random   r:/random
2020/06/29 16:32:47.493 [D] [server.go:2807]  |            ::1|[42m 200 [0m|           0s|   match|[44m GET     [0m /favicon.ico
2020/06/29 16:36:10.930 [D] [server.go:2807]  |            ::1|[42m 200 [0m|     1.0014ms|   match|[44m GET     [0m /weather   r:/weather
2020/06/29 16:36:11.798 [D] [server.go:2807]  |            ::1|[42m 200 [0m|   240.2177ms|   match|[46m POST    [0m /weather   r:/weather
2020/06/29 16:36:11.804 [D] [server.go:2807]  |            ::1|[42m 200 [0m|     3.0022ms|   match|[44m GET     [0m /virus   r:/virus
2020/06/29 16:36:12.576 [D] [server.go:2807]  |            ::1|[42m 200 [0m|           0s|   match|[44m GET     [0m /translate   r:/translate
2020/06/29 16:36:13.264 [D] [server.go:2807]  |            ::1|[42m 200 [0m|     1.0013ms|   match|[44m GET     [0m /browserinfo   r:/browserinfo
2020/06/29 16:36:13.995 [D] [server.go:2807]  |            ::1|[42m 200 [0m|     1.0012ms|   match|[44m GET     [0m /location   r:/location
2020/06/29 16:36:44.387 [D] [server.go:2807]  |            ::1|[42m 200 [0m|     1.0005ms|   match|[44m GET     [0m /weather   r:/weather
2020/06/29 16:36:44.954 [D] [server.go:2807]  |            ::1|[42m 200 [0m|    144.131ms|   match|[46m POST    [0m /weather   r:/weather
2020/06/29 16:36:47.356 [D] [server.go:2807]  |            ::1|[42m 200 [0m|     3.0026ms|   match|[44m GET     [0m /virus   r:/virus
2020/06/29 16:36:48.617 [D] [server.go:2807]  |            ::1|[42m 200 [0m|      1.002ms|   match|[44m GET     [0m /random   r:/random
2020/06/29 16:40:35.679 [I] [asm_amd64.s:1373]  http server Running on http://:8080
2020/06/29 16:51:21.636 [I] [asm_amd64.s:1373]  http server Running on http://:8080
2020/06/29 16:51:21.642 [I] [asm_amd64.s:1373]  http server Running on http://:8080
2020/06/29 16:51:21.645 [C] [asm_amd64.s:1373]  ListenAndServe:  listen tcp :8080: bind: Only one usage of each socket address (protocol/network address/port) is normally permitted.
2020/06/29 16:51:49.483 [I] [asm_amd64.s:1373]  http server Running on http://:8080
2020/06/29 16:51:53.901 [D] [server.go:2807]  |            ::1|[42m 200 [0m|           0s|   match|[44m GET     [0m /     r:/
2020/06/29 16:51:53.920 [D] [server.go:2807]  |            ::1|[47m 304 [0m|     1.0007ms|   match|[44m GET     [0m /static/layui/jQuerySession.js
2020/06/29 16:51:53.928 [D] [server.go:2807]  |            ::1|[42m 200 [0m|     1.0009ms|   match|[44m GET     [0m /random   r:/random
2020/06/29 16:51:53.941 [D] [server.go:2807]  |            ::1|[42m 200 [0m|           0s|   match|[44m GET     [0m /static/layui/font/iconfont.woff2
2020/06/29 16:51:54.050 [D] [server.go:2807]  |            ::1|[42m 200 [0m|      1.001ms|   match|[44m GET     [0m /favicon.ico
2020/06/29 16:54:18.938 [I] [asm_amd64.s:1373]  http server Running on http://:8080
2020/06/29 16:54:21.428 [D] [server.go:2807]  |            ::1|[42m 200 [0m|     1.0009ms|   match|[44m GET     [0m /     r:/
2020/06/29 16:54:21.454 [D] [server.go:2807]  |            ::1|[42m 200 [0m|     1.0004ms|   match|[44m GET     [0m /random   r:/random
2020/06/29 16:54:21.596 [D] [server.go:2807]  |            ::1|[42m 200 [0m|           0s|   match|[44m GET     [0m /favicon.ico
2020/06/29 16:54:22.816 [D] [server.go:2807]  |            ::1|[42m 200 [0m|     1.0009ms|   match|[44m GET     [0m /user/login   r:/user/login
2020/06/29 16:59:08.338 [I] [asm_amd64.s:1373]  http server Running on http://:8080
2020/06/29 17:06:26.198 [D] [server.go:2807]  |            ::1|[42m 200 [0m|      996.1µs|   match|[44m GET     [0m /     r:/
2020/06/29 17:06:26.217 [D] [server.go:2807]  |            ::1|[47m 304 [0m|           0s|   match|[44m GET     [0m /static/layui/jQuerySession.js
2020/06/29 17:06:26.230 [D] [server.go:2807]  |            ::1|[42m 200 [0m|     1.0007ms|   match|[44m GET     [0m /random   r:/random
2020/06/29 17:06:26.357 [D] [server.go:2807]  |            ::1|[42m 200 [0m|     1.0007ms|   match|[44m GET     [0m /favicon.ico
2020/06/29 17:06:27.900 [D] [server.go:2807]  |            ::1|[42m 200 [0m|           0s|   match|[44m GET     [0m /static/layui/css/modules/layer/default/icon.png
2020/06/29 17:06:54.197 [D] [server.go:2807]  |            ::1|[42m 200 [0m|     1.0007ms|   match|[44m GET     [0m /     r:/
2020/06/29 17:06:54.224 [D] [server.go:2807]  |            ::1|[42m 200 [0m|           0s|   match|[44m GET     [0m /random   r:/random
2020/06/29 17:06:54.373 [D] [server.go:2807]  |            ::1|[42m 200 [0m|           0s|   match|[44m GET     [0m /favicon.ico
2020/06/29 17:06:57.431 [D] [server.go:2807]  |            ::1|[42m 200 [0m|     1.0002ms|   match|[44m GET     [0m /weather   r:/weather
2020/06/29 17:06:58.241 [D] [server.go:2807]  |            ::1|[42m 200 [0m|   256.2326ms|   match|[46m POST    [0m /weather   r:/weather
2020/06/29 17:07:45.267 [D] [server.go:2807]  |            ::1|[42m 200 [0m|     1.0011ms|   match|[44m GET     [0m /     r:/
2020/06/29 17:07:45.298 [D] [server.go:2807]  |            ::1|[42m 200 [0m|     1.9995ms|   match|[44m GET     [0m /random   r:/random
2020/06/29 17:07:45.455 [D] [server.go:2807]  |            ::1|[42m 200 [0m|      1.001ms|   match|[44m GET     [0m /favicon.ico
2020/06/29 17:09:35.639 [D] [server.go:2807]  |            ::1|[42m 200 [0m|           0s|   match|[44m GET     [0m /     r:/
2020/06/29 17:09:35.669 [D] [server.go:2807]  |            ::1|[42m 200 [0m|     1.0012ms|   match|[44m GET     [0m /random   r:/random
2020/06/29 17:09:35.811 [D] [server.go:2807]  |            ::1|[42m 200 [0m|           0s|   match|[44m GET     [0m /favicon.ico
2020/06/29 17:09:42.898 [D] [server.go:2807]  |            ::1|[42m 200 [0m|        998µs|   match|[44m GET     [0m /     r:/
2020/06/29 17:09:42.925 [D] [server.go:2807]  |            ::1|[42m 200 [0m|      1.001ms|   match|[44m GET     [0m /random   r:/random
2020/06/29 17:09:43.032 [D] [server.go:2807]  |            ::1|[42m 200 [0m|           0s|   match|[44m GET     [0m /favicon.ico
2020/06/29 17:10:25.701 [D] [server.go:2807]  |            ::1|[42m 200 [0m|     1.0011ms|   match|[44m GET     [0m /     r:/
2020/06/29 17:10:25.728 [D] [server.go:2807]  |            ::1|[42m 200 [0m|     1.0016ms|   match|[44m GET     [0m /random   r:/random
2020/06/29 17:10:25.879 [D] [server.go:2807]  |            ::1|[42m 200 [0m|           0s|   match|[44m GET     [0m /favicon.ico
2020/06/29 17:12:37.957 [D] [server.go:2807]  |            ::1|[42m 200 [0m|           0s|   match|[44m GET     [0m /     r:/
2020/06/29 17:12:37.973 [D] [server.go:2807]  |            ::1|[47m 304 [0m|           0s|   match|[44m GET     [0m /static/layui/jQuerySession.js
2020/06/29 17:12:37.987 [D] [server.go:2807]  |            ::1|[42m 200 [0m|           0s|   match|[44m GET     [0m /random   r:/random
2020/06/29 17:12:38.097 [D] [server.go:2807]  |            ::1|[42m 200 [0m|           0s|   match|[44m GET     [0m /favicon.ico
2020/06/29 17:13:15.626 [D] [server.go:2807]  |            ::1|[42m 200 [0m|           0s|   match|[44m GET     [0m /     r:/
2020/06/29 17:13:15.652 [D] [server.go:2807]  |            ::1|[42m 200 [0m|     1.0011ms|   match|[44m GET     [0m /random   r:/random
2020/06/29 17:13:15.772 [D] [server.go:2807]  |            ::1|[42m 200 [0m|           0s|   match|[44m GET     [0m /favicon.ico
2020/06/29 17:14:46.600 [D] [server.go:2807]  |            ::1|[42m 200 [0m|           0s|   match|[44m GET     [0m /     r:/
2020/06/29 17:14:46.628 [D] [server.go:2807]  |            ::1|[42m 200 [0m|     1.0012ms|   match|[44m GET     [0m /random   r:/random
2020/06/29 17:14:46.741 [D] [server.go:2807]  |            ::1|[42m 200 [0m|           0s|   match|[44m GET     [0m /favicon.ico
2020/06/29 17:15:04.059 [D] [server.go:2807]  |            ::1|[42m 200 [0m|     1.0008ms|   match|[44m GET     [0m /     r:/
2020/06/29 17:15:04.084 [D] [server.go:2807]  |            ::1|[42m 200 [0m|     1.0008ms|   match|[44m GET     [0m /random   r:/random
2020/06/29 17:15:04.196 [D] [server.go:2807]  |            ::1|[42m 200 [0m|           0s|   match|[44m GET     [0m /favicon.ico
2020/06/29 17:15:17.958 [D] [server.go:2807]  |            ::1|[42m 200 [0m|     1.0009ms|   match|[44m GET     [0m /     r:/
2020/06/29 17:15:17.984 [D] [server.go:2807]  |            ::1|[42m 200 [0m|     1.0015ms|   match|[44m GET     [0m /random   r:/random
2020/06/29 17:15:18.095 [D] [server.go:2807]  |            ::1|[42m 200 [0m|           0s|   match|[44m GET     [0m /favicon.ico
2020/06/29 17:16:12.037 [D] [server.go:2807]  |            ::1|[42m 200 [0m|     1.0011ms|   match|[44m GET     [0m /     r:/
2020/06/29 17:16:12.062 [D] [server.go:2807]  |            ::1|[42m 200 [0m|     1.0012ms|   match|[44m GET     [0m /random   r:/random
2020/06/29 17:16:12.173 [D] [server.go:2807]  |            ::1|[42m 200 [0m|           0s|   match|[44m GET     [0m /favicon.ico
2020/06/29 17:24:11.111 [D] [server.go:2807]  |            ::1|[42m 200 [0m|     1.0009ms|   match|[44m GET     [0m /     r:/
2020/06/29 17:24:11.130 [D] [server.go:2807]  |            ::1|[42m 200 [0m|           0s|   match|[44m GET     [0m /static/layui/md5.js
2020/06/29 17:24:11.133 [D] [server.go:2807]  |            ::1|[47m 304 [0m|           0s|   match|[44m GET     [0m /static/layui/jQuerySession.js
2020/06/29 17:24:11.147 [D] [server.go:2807]  |            ::1|[42m 200 [0m|     1.0002ms|   match|[44m GET     [0m /random   r:/random
2020/06/29 17:24:11.269 [D] [server.go:2807]  |            ::1|[42m 200 [0m|           0s|   match|[44m GET     [0m /favicon.ico
2020/06/29 17:25:00.960 [D] [server.go:2807]  |            ::1|[42m 200 [0m|     1.0012ms|   match|[44m GET     [0m /     r:/
2020/06/29 17:25:00.976 [D] [server.go:2807]  |            ::1|[47m 304 [0m|           0s|   match|[44m GET     [0m /static/layui/md5.js
2020/06/29 17:25:00.987 [D] [server.go:2807]  |            ::1|[42m 200 [0m|      1.001ms|   match|[44m GET     [0m /random   r:/random
2020/06/29 17:25:01.134 [D] [server.go:2807]  |            ::1|[42m 200 [0m|     1.0017ms|   match|[44m GET     [0m /favicon.ico
2020/06/29 17:31:13.895 [I] [asm_amd64.s:1373]  http server Running on http://:8080
2020/06/29 17:36:28.680 [I] [asm_amd64.s:1373]  http server Running on http://:8080
2020/06/29 17:36:33.954 [I] [asm_amd64.s:1373]  http server Running on http://:8080
2020/06/29 17:36:37.984 [D] [server.go:2807]  |            ::1|[42m 200 [0m|     1.0007ms|   match|[44m GET     [0m /     r:/
2020/06/29 17:36:38.001 [D] [server.go:2807]  |            ::1|[47m 304 [0m|           0s|   match|[44m GET     [0m /static/layui/jQuerySession.js
2020/06/29 17:36:38.019 [D] [server.go:2807]  |            ::1|[42m 200 [0m|     1.0013ms|   match|[44m GET     [0m /random   r:/random
2020/06/29 17:36:38.145 [D] [server.go:2807]  |            ::1|[42m 200 [0m|           0s|   match|[44m GET     [0m /favicon.ico
2020/06/29 17:37:00.647 [D] [server.go:2807]  |            ::1|[42m 200 [0m|           0s|   match|[44m GET     [0m /     r:/
2020/06/29 17:37:00.674 [D] [server.go:2807]  |            ::1|[42m 200 [0m|           0s|   match|[44m GET     [0m /random   r:/random
2020/06/29 17:37:00.803 [D] [server.go:2807]  |            ::1|[42m 200 [0m|           0s|   match|[44m GET     [0m /favicon.ico
2020/06/29 17:37:06.318 [D] [server.go:2807]  |            ::1|[42m 200 [0m|           0s|   match|[46m POST    [0m /user/login   r:/user/login
2020/06/29 17:37:33.143 [I] [asm_amd64.s:1373]  http server Running on http://:8080
2020/06/29 17:37:34.492 [I] [asm_amd64.s:1373]  http server Running on http://:8080
2020/06/29 17:37:34.529 [D] [server.go:2807]  |      127.0.0.1|[42m 200 [0m|           0s|   match|[46m POST    [0m /user/login   r:/user/login
2020/06/29 17:37:49.437 [I] [asm_amd64.s:1373]  http server Running on http://:8080
2020/06/29 17:39:56.315 [D] [server.go:2807]  |            ::1|[42m 200 [0m|           0s|   match|[46m POST    [0m /user/login   r:/user/login
2020/06/29 17:40:09.285 [I] [asm_amd64.s:1373]  http server Running on http://:8080
2020/06/29 17:40:52.501 [I] [asm_amd64.s:1373]  http server Running on http://:8080
2020/06/29 17:40:55.189 [D] [server.go:2807]  |            ::1|[42m 200 [0m|     1.0007ms|   match|[46m POST    [0m /user/login   r:/user/login
2020/06/29 17:42:14.075 [D] [server.go:2807]  |            ::1|[42m 200 [0m|     1.0008ms|   match|[44m GET     [0m /     r:/
2020/06/29 17:42:14.107 [D] [server.go:2807]  |            ::1|[42m 200 [0m|     1.0008ms|   match|[44m GET     [0m /random   r:/random
2020/06/29 17:42:14.244 [D] [server.go:2807]  |            ::1|[42m 200 [0m|     1.0007ms|   match|[44m GET     [0m /favicon.ico
2020/06/29 17:42:17.766 [D] [server.go:2807]  |            ::1|[42m 200 [0m|           0s|   match|[46m POST    [0m /user/login   r:/user/login
2020/06/29 17:43:50.650 [D] [server.go:2807]  |            ::1|[42m 200 [0m|     1.0008ms|   match|[44m GET     [0m /     r:/
2020/06/29 17:43:50.676 [D] [server.go:2807]  |            ::1|[42m 200 [0m|     1.0004ms|   match|[44m GET     [0m /random   r:/random
2020/06/29 17:43:50.816 [D] [server.go:2807]  |            ::1|[42m 200 [0m|           0s|   match|[44m GET     [0m /favicon.ico
2020/06/29 17:43:55.101 [D] [server.go:2807]  |            ::1|[42m 200 [0m|           0s|   match|[46m POST    [0m /user/login   r:/user/login
2020/06/29 17:45:00.617 [D] [server.go:2807]  |            ::1|[42m 200 [0m|     1.0008ms|   match|[44m GET     [0m /     r:/
2020/06/29 17:45:00.643 [D] [server.go:2807]  |            ::1|[42m 200 [0m|     1.0013ms|   match|[44m GET     [0m /random   r:/random
2020/06/29 17:45:00.782 [D] [server.go:2807]  |            ::1|[42m 200 [0m|           0s|   match|[44m GET     [0m /favicon.ico
2020/06/29 17:45:04.323 [D] [server.go:2807]  |            ::1|[42m 200 [0m|     1.0006ms|   match|[46m POST    [0m /user/login   r:/user/login
2020/06/29 17:45:46.935 [D] [server.go:2807]  |            ::1|[42m 200 [0m|           0s|   match|[44m GET     [0m /     r:/
2020/06/29 17:45:46.958 [D] [server.go:2807]  |            ::1|[47m 304 [0m|           0s|   match|[44m GET     [0m /static/layui/jQuerySession.js
2020/06/29 17:45:46.969 [D] [server.go:2807]  |            ::1|[42m 200 [0m|     1.0014ms|   match|[44m GET     [0m /random   r:/random
2020/06/29 17:45:47.094 [D] [server.go:2807]  |            ::1|[42m 200 [0m|           0s|   match|[44m GET     [0m /favicon.ico
2020/06/29 17:45:51.443 [D] [server.go:2807]  |            ::1|[42m 200 [0m|           0s|   match|[46m POST    [0m /user/login   r:/user/login
2020/06/29 17:46:30.683 [I] [asm_amd64.s:1373]  http server Running on http://:8080
2020/06/29 17:46:32.742 [I] [asm_amd64.s:1373]  http server Running on http://:8080
2020/06/29 17:46:37.467 [I] [asm_amd64.s:1373]  http server Running on http://:8080
2020/06/29 17:46:41.864 [I] [asm_amd64.s:1373]  http server Running on http://:8080
2020/06/29 17:47:01.909 [I] [asm_amd64.s:1373]  http server Running on http://:8080
2020/06/29 17:47:03.262 [I] [asm_amd64.s:1373]  http server Running on http://:8080
2020/06/29 17:47:04.294 [D] [server.go:2807]  |            ::1|[42m 200 [0m|     1.0008ms|   match|[46m POST    [0m /user/login   r:/user/login
2020/06/29 17:48:07.270 [D] [server.go:2807]  |            ::1|[42m 200 [0m|      1.001ms|   match|[44m GET     [0m /translate   r:/translate
2020/06/29 17:48:14.537 [D] [server.go:2807]  |            ::1|[42m 200 [0m|   280.2546ms|   match|[46m POST    [0m /translate   r:/translate
2020/06/29 17:51:01.392 [I] [asm_amd64.s:1373]  http server Running on http://:8080
2020/06/29 17:51:03.892 [D] [server.go:2807]  |            ::1|[42m 200 [0m|     1.0002ms|   match|[46m POST    [0m /user/login   r:/user/login
2020/06/29 17:53:57.361 [I] [asm_amd64.s:1373]  http server Running on http://:8080
2020/06/29 17:53:58.694 [I] [asm_amd64.s:1373]  http server Running on http://:8080
2020/06/29 17:54:23.758 [I] [asm_amd64.s:1373]  http server Running on http://:8080
2020/06/29 17:54:28.323 [I] [asm_amd64.s:1373]  http server Running on http://:8080
2020/06/29 17:54:32.503 [I] [asm_amd64.s:1373]  http server Running on http://:8080
2020/06/29 17:54:33.872 [I] [asm_amd64.s:1373]  http server Running on http://:8080
2020/06/29 17:54:37.131 [I] [asm_amd64.s:1373]  http server Running on http://:8080
2020/06/29 17:54:38.546 [I] [asm_amd64.s:1373]  http server Running on http://:8080
2020/06/29 17:54:38.590 [D] [server.go:2807]  |      127.0.0.1|[42m 200 [0m|     1.0012ms|   match|[46m POST    [0m /user/login   r:/user/login
2020/06/29 17:55:26.808 [I] [asm_amd64.s:1373]  http server Running on http://:8080
2020/06/29 17:55:28.840 [I] [asm_amd64.s:1373]  http server Running on http://:8080
2020/06/29 17:55:30.274 [I] [asm_amd64.s:1373]  http server Running on http://:8080
2020/06/29 17:55:34.344 [D] [server.go:2807]  |            ::1|[42m 200 [0m|     1.0006ms|   match|[46m POST    [0m /user/login   r:/user/login
2020/06/29 17:58:17.163 [I] [asm_amd64.s:1373]  http server Running on http://:8080
2020/06/29 17:58:38.954 [I] [asm_amd64.s:1373]  http server Running on http://:8080
2020/06/29 17:58:40.387 [I] [asm_amd64.s:1373]  http server Running on http://:8080
2020/06/29 17:58:40.412 [D] [server.go:2807]  |      127.0.0.1|[42m 200 [0m|     1.0011ms|   match|[46m POST    [0m /user/login   r:/user/login
2020/06/29 17:59:09.902 [I] [asm_amd64.s:1373]  http server Running on http://:8080
2020/06/29 17:59:12.624 [D] [server.go:2807]  |            ::1|[42m 200 [0m|           0s|   match|[46m POST    [0m /user/login   r:/user/login
2020/06/29 18:00:51.189 [I] [asm_amd64.s:1373]  http server Running on http://:8080
2020/06/29 18:00:52.703 [I] [asm_amd64.s:1373]  http server Running on http://:8080
2020/06/29 18:02:24.493 [I] [asm_amd64.s:1373]  http server Running on http://:8080
2020/06/29 18:02:27.344 [D] [server.go:2807]  |            ::1|[42m 200 [0m|           0s|   match|[46m POST    [0m /user/login   r:/user/login
2020/06/29 18:04:39.266 [I] [asm_amd64.s:1373]  http server Running on http://:8080
2020/06/29 18:04:51.824 [I] [asm_amd64.s:1373]  http server Running on http://:8080
2020/06/29 18:04:55.268 [I] [asm_amd64.s:1373]  http server Running on http://:8080
2020/06/29 18:04:55.384 [D] [server.go:2807]  |            ::1|[42m 200 [0m|           0s|   match|[46m POST    [0m /user/login   r:/user/login
2020/06/29 18:07:16.319 [I] [asm_amd64.s:1373]  http server Running on http://:8080
2020/06/29 18:07:16.795 [D] [server.go:2807]  |            ::1|[42m 200 [0m|     1.0006ms|   match|[46m POST    [0m /user/login   r:/user/login
2020/06/29 18:07:39.509 [I] [asm_amd64.s:1373]  http server Running on http://:8080
2020/06/29 19:23:05.058 [I] [asm_amd64.s:1373]  http server Running on http://:8080
2020/06/29 19:23:09.757 [D] [server.go:2807]  |            ::1|[42m 200 [0m|     2.0017ms|   match|[44m GET     [0m /     r:/
2020/06/29 19:23:09.777 [D] [server.go:2807]  |            ::1|[47m 304 [0m|     1.0006ms|   match|[44m GET     [0m /static/layui/jQuerySession.js
2020/06/29 19:23:09.791 [D] [server.go:2807]  |            ::1|[42m 200 [0m|     1.0011ms|   match|[44m GET     [0m /random   r:/random
2020/06/29 19:23:09.903 [D] [server.go:2807]  |            ::1|[42m 200 [0m|           0s|   match|[44m GET     [0m /favicon.ico
2020/06/29 19:23:15.016 [D] [server.go:2807]  |            ::1|[42m 200 [0m|           0s|   match|[46m POST    [0m /user/login   r:/user/login
2020/06/29 19:25:18.308 [D] [server.go:2807]  |            ::1|[42m 200 [0m|           0s|   match|[44m GET     [0m /     r:/
2020/06/29 19:25:18.335 [D] [server.go:2807]  |            ::1|[42m 200 [0m|     1.0009ms|   match|[44m GET     [0m /random   r:/random
2020/06/29 19:25:18.447 [D] [server.go:2807]  |            ::1|[42m 200 [0m|      1.001ms|   match|[44m GET     [0m /favicon.ico
2020/06/29 19:25:22.757 [D] [server.go:2807]  |            ::1|[42m 200 [0m|     1.0008ms|   match|[46m POST    [0m /user/login   r:/user/login
2020/06/29 19:25:26.832 [D] [server.go:2807]  |            ::1|[42m 200 [0m|     1.0008ms|   match|[44m GET     [0m /     r:/
2020/06/29 19:25:26.855 [D] [server.go:2807]  |            ::1|[42m 200 [0m|      986.9µs|   match|[44m GET     [0m /random   r:/random
2020/06/29 19:25:26.958 [D] [server.go:2807]  |            ::1|[42m 200 [0m|     1.0011ms|   match|[44m GET     [0m /favicon.ico
2020/06/29 19:30:30.663 [D] [server.go:2807]  |            ::1|[42m 200 [0m|           0s|   match|[44m GET     [0m /     r:/
2020/06/29 19:30:30.692 [D] [server.go:2807]  |            ::1|[42m 200 [0m|      1.001ms|   match|[44m GET     [0m /random   r:/random
2020/06/29 19:30:30.807 [D] [server.go:2807]  |            ::1|[42m 200 [0m|     1.0007ms|   match|[44m GET     [0m /favicon.ico
2020/06/29 19:32:26.869 [D] [server.go:2807]  |            ::1|[42m 200 [0m|           0s|   match|[44m GET     [0m /     r:/
2020/06/29 19:32:26.895 [D] [server.go:2807]  |            ::1|[42m 200 [0m|           0s|   match|[44m GET     [0m /random   r:/random
2020/06/29 19:32:27.030 [D] [server.go:2807]  |            ::1|[42m 200 [0m|           0s|   match|[44m GET     [0m /favicon.ico
2020/06/29 19:33:11.150 [D] [server.go:2807]  |            ::1|[42m 200 [0m|           0s|   match|[44m GET     [0m /     r:/
2020/06/29 19:33:11.175 [D] [server.go:2807]  |            ::1|[42m 200 [0m|     1.0009ms|   match|[44m GET     [0m /random   r:/random
2020/06/29 19:33:11.285 [D] [server.go:2807]  |            ::1|[42m 200 [0m|           0s|   match|[44m GET     [0m /favicon.ico
2020/06/29 19:34:29.165 [D] [server.go:2807]  |            ::1|[42m 200 [0m|     1.0005ms|   match|[44m GET     [0m /     r:/
2020/06/29 19:34:29.189 [D] [server.go:2807]  |            ::1|[42m 200 [0m|           0s|   match|[44m GET     [0m /random   r:/random
2020/06/29 19:34:29.290 [D] [server.go:2807]  |            ::1|[42m 200 [0m|     1.0007ms|   match|[44m GET     [0m /favicon.ico
2020/06/29 19:34:32.760 [D] [server.go:2807]  |            ::1|[42m 200 [0m|           0s|   match|[46m POST    [0m /user/login   r:/user/login
2020/06/29 19:34:36.168 [D] [server.go:2807]  |            ::1|[42m 200 [0m|           0s|   match|[46m POST    [0m /user/login   r:/user/login
2020/06/29 19:36:20.972 [D] [server.go:2807]  |            ::1|[42m 200 [0m|           0s|   match|[44m GET     [0m /     r:/
2020/06/29 19:36:21.000 [D] [server.go:2807]  |            ::1|[42m 200 [0m|     1.0015ms|   match|[44m GET     [0m /random   r:/random
2020/06/29 19:36:21.137 [D] [server.go:2807]  |            ::1|[42m 200 [0m|           0s|   match|[44m GET     [0m /favicon.ico
2020/06/29 19:36:24.891 [D] [server.go:2807]  |            ::1|[42m 200 [0m|     1.0009ms|   match|[46m POST    [0m /user/login   r:/user/login
2020/06/29 19:37:01.990 [D] [server.go:2807]  |            ::1|[42m 200 [0m|     1.0008ms|   match|[44m GET     [0m /     r:/
2020/06/29 19:37:02.019 [D] [server.go:2807]  |            ::1|[42m 200 [0m|     1.0011ms|   match|[44m GET     [0m /random   r:/random
2020/06/29 19:37:02.161 [D] [server.go:2807]  |            ::1|[42m 200 [0m|           0s|   match|[44m GET     [0m /favicon.ico
2020/06/29 19:37:06.410 [D] [server.go:2807]  |            ::1|[42m 200 [0m|           0s|   match|[46m POST    [0m /user/login   r:/user/login
2020/06/29 19:38:10.307 [I] [asm_amd64.s:1373]  http server Running on http://:8080
2020/06/29 19:38:15.129 [D] [server.go:2807]  |            ::1|[42m 200 [0m|      3.003ms|   match|[44m GET     [0m /     r:/
2020/06/29 19:38:15.155 [D] [server.go:2807]  |            ::1|[42m 200 [0m|     1.0014ms|   match|[44m GET     [0m /random   r:/random
2020/06/29 19:38:15.261 [D] [server.go:2807]  |            ::1|[42m 200 [0m|           0s|   match|[44m GET     [0m /favicon.ico
2020/06/29 19:38:18.707 [D] [server.go:2807]  |            ::1|[42m 200 [0m|           0s|   match|[46m POST    [0m /user/login   r:/user/login
2020/06/29 19:38:23.024 [D] [server.go:2807]  |            ::1|[42m 200 [0m|           0s|   match|[46m POST    [0m /user/login   r:/user/login
2020/06/29 19:38:26.403 [D] [server.go:2807]  |            ::1|[42m 200 [0m|           0s|   match|[46m POST    [0m /user/login   r:/user/login
2020/06/29 19:39:20.975 [D] [server.go:2807]  |            ::1|[42m 200 [0m|           0s|   match|[44m GET     [0m /     r:/
2020/06/29 19:39:21.000 [D] [server.go:2807]  |            ::1|[42m 200 [0m|      1.001ms|   match|[44m GET     [0m /random   r:/random
2020/06/29 19:39:21.146 [D] [server.go:2807]  |            ::1|[42m 200 [0m|           0s|   match|[44m GET     [0m /favicon.ico
2020/06/29 19:39:24.397 [D] [server.go:2807]  |            ::1|[42m 200 [0m|           0s|   match|[46m POST    [0m /user/login   r:/user/login
2020/06/29 19:41:37.957 [I] [asm_amd64.s:1373]  http server Running on http://:8080
2020/06/29 19:41:50.275 [D] [server.go:2807]  |            ::1|[42m 200 [0m|     2.0014ms|   match|[44m GET     [0m /     r:/
2020/06/29 19:41:50.301 [D] [server.go:2807]  |            ::1|[42m 200 [0m|     1.0003ms|   match|[44m GET     [0m /random   r:/random
2020/06/29 19:41:50.409 [D] [server.go:2807]  |            ::1|[42m 200 [0m|        821µs|   match|[44m GET     [0m /favicon.ico
2020/06/29 19:41:54.317 [D] [server.go:2807]  |            ::1|[42m 200 [0m|     1.0011ms|   match|[46m POST    [0m /user/login   r:/user/login
2020/06/29 19:42:46.131 [I] [asm_amd64.s:1373]  http server Running on http://:8080
2020/06/29 19:43:03.847 [I] [asm_amd64.s:1373]  http server Running on http://:8080
2020/06/29 19:43:06.314 [I] [asm_amd64.s:1373]  http server Running on http://:8080
2020/06/29 19:43:12.303 [I] [asm_amd64.s:1373]  http server Running on http://:8080
2020/06/29 19:43:15.448 [I] [asm_amd64.s:1373]  http server Running on http://:8080
2020/06/29 19:44:02.954 [D] [server.go:2807]  |            ::1|[42m 200 [0m|     3.0028ms|   match|[44m GET     [0m /     r:/
2020/06/29 19:44:02.970 [D] [server.go:2807]  |            ::1|[47m 304 [0m|           0s|   match|[44m GET     [0m /static/layui/jQuerySession.js
2020/06/29 19:44:02.979 [D] [server.go:2807]  |            ::1|[42m 200 [0m|     1.0003ms|   match|[44m GET     [0m /random   r:/random
2020/06/29 19:44:03.116 [D] [server.go:2807]  |            ::1|[42m 200 [0m|           0s|   match|[44m GET     [0m /favicon.ico
2020/06/29 19:44:08.105 [D] [server.go:2807]  |            ::1|[42m 200 [0m|           0s|   match|[46m POST    [0m /user/login   r:/user/login
2020/06/29 19:44:30.608 [D] [server.go:2807]  |            ::1|[42m 200 [0m|           0s|   match|[44m GET     [0m /     r:/
2020/06/29 19:44:30.634 [D] [server.go:2807]  |            ::1|[42m 200 [0m|     1.0018ms|   match|[44m GET     [0m /random   r:/random
2020/06/29 19:44:30.779 [D] [server.go:2807]  |            ::1|[42m 200 [0m|           0s|   match|[44m GET     [0m /favicon.ico
2020/06/29 19:44:33.873 [D] [server.go:2807]  |            ::1|[42m 200 [0m|           0s|   match|[46m POST    [0m /user/login   r:/user/login
2020/06/29 19:49:27.423 [I] [asm_amd64.s:1373]  http server Running on http://:8080
2020/06/29 19:49:28.902 [I] [asm_amd64.s:1373]  http server Running on http://:8080
2020/06/29 19:49:40.093 [I] [asm_amd64.s:1373]  http server Running on http://:8080
2020/06/29 19:49:41.494 [I] [asm_amd64.s:1373]  http server Running on http://:8080
2020/06/29 19:50:05.841 [D] [server.go:2807]  |            ::1|[42m 200 [0m|     3.0025ms|   match|[44m GET     [0m /     r:/
2020/06/29 19:50:05.873 [D] [server.go:2807]  |            ::1|[42m 200 [0m|     1.0008ms|   match|[44m GET     [0m /random   r:/random
2020/06/29 19:50:05.981 [D] [server.go:2807]  |            ::1|[42m 200 [0m|           0s|   match|[44m GET     [0m /favicon.ico
2020/06/29 19:51:29.215 [D] [server.go:2807]  |            ::1|[42m 200 [0m|      1.001ms|   match|[44m GET     [0m /     r:/
2020/06/29 19:51:29.241 [D] [server.go:2807]  |            ::1|[42m 200 [0m|     1.0016ms|   match|[44m GET     [0m /random   r:/random
2020/06/29 19:51:29.347 [D] [server.go:2807]  |            ::1|[42m 200 [0m|           0s|   match|[44m GET     [0m /favicon.ico
2020/06/29 19:51:30.773 [D] [server.go:2807]  |            ::1|[42m 200 [0m|           0s|   match|[44m GET     [0m /     r:/
2020/06/29 19:51:30.796 [D] [server.go:2807]  |            ::1|[42m 200 [0m|           0s|   match|[44m GET     [0m /random   r:/random
2020/06/29 19:51:30.889 [D] [server.go:2807]  |            ::1|[42m 200 [0m|     1.0007ms|   match|[44m GET     [0m /favicon.ico
2020/06/29 19:51:31.168 [D] [server.go:2807]  |            ::1|[42m 200 [0m|           0s|   match|[44m GET     [0m /     r:/
2020/06/29 19:51:31.191 [D] [server.go:2807]  |            ::1|[42m 200 [0m|     1.0002ms|   match|[44m GET     [0m /random   r:/random
2020/06/29 19:51:31.287 [D] [server.go:2807]  |            ::1|[42m 200 [0m|           0s|   match|[44m GET     [0m /favicon.ico
2020/06/29 19:52:13.693 [D] [server.go:2807]  |            ::1|[42m 200 [0m|     1.0007ms|   match|[44m GET     [0m /     r:/
2020/06/29 19:52:13.719 [D] [server.go:2807]  |            ::1|[42m 200 [0m|     1.0005ms|   match|[44m GET     [0m /random   r:/random
2020/06/29 19:52:13.863 [D] [server.go:2807]  |            ::1|[42m 200 [0m|           0s|   match|[44m GET     [0m /favicon.ico
2020/06/29 19:54:43.569 [D] [server.go:2807]  |            ::1|[42m 200 [0m|     1.0008ms|   match|[44m GET     [0m /     r:/
2020/06/29 19:54:43.597 [D] [server.go:2807]  |            ::1|[42m 200 [0m|     1.0001ms|   match|[44m GET     [0m /random   r:/random
2020/06/29 19:54:43.705 [D] [server.go:2807]  |            ::1|[42m 200 [0m|           0s|   match|[44m GET     [0m /favicon.ico
2020/06/29 19:54:45.462 [D] [server.go:2807]  |            ::1|[42m 200 [0m|     1.0008ms|   match|[44m GET     [0m /     r:/
2020/06/29 19:54:45.487 [D] [server.go:2807]  |            ::1|[42m 200 [0m|     1.0011ms|   match|[44m GET     [0m /random   r:/random
2020/06/29 19:54:45.595 [D] [server.go:2807]  |            ::1|[42m 200 [0m|     1.0005ms|   match|[44m GET     [0m /favicon.ico
2020/06/29 19:54:45.810 [D] [server.go:2807]  |            ::1|[42m 200 [0m|     1.0014ms|   match|[44m GET     [0m /     r:/
2020/06/29 19:54:45.835 [D] [server.go:2807]  |            ::1|[42m 200 [0m|     1.0004ms|   match|[44m GET     [0m /random   r:/random
2020/06/29 19:54:45.926 [D] [server.go:2807]  |            ::1|[42m 200 [0m|           0s|   match|[44m GET     [0m /favicon.ico
2020/06/29 19:54:50.016 [D] [server.go:2807]  |            ::1|[42m 200 [0m|           0s|   match|[46m POST    [0m /user/login   r:/user/login
2020/06/29 19:54:54.339 [D] [server.go:2807]  |            ::1|[42m 200 [0m|     1.0012ms|   match|[44m GET     [0m /     r:/
2020/06/29 19:54:54.363 [D] [server.go:2807]  |            ::1|[42m 200 [0m|           0s|   match|[44m GET     [0m /random   r:/random
2020/06/29 19:54:54.482 [D] [server.go:2807]  |            ::1|[42m 200 [0m|           0s|   match|[44m GET     [0m /favicon.ico
2020/06/29 20:12:19.109 [D] [server.go:2807]  |            ::1|[42m 200 [0m|     1.0009ms|   match|[44m GET     [0m /     r:/
2020/06/29 20:12:19.125 [D] [server.go:2807]  |            ::1|[47m 304 [0m|           0s|   match|[44m GET     [0m /static/layui/jQuerySession.js
2020/06/29 20:12:19.139 [D] [server.go:2807]  |            ::1|[42m 200 [0m|           0s|   match|[44m GET     [0m /random   r:/random
2020/06/29 20:12:19.288 [D] [server.go:2807]  |            ::1|[42m 200 [0m|           0s|   match|[44m GET     [0m /favicon.ico
2020/06/29 20:12:22.877 [D] [server.go:2807]  |            ::1|[42m 200 [0m|           0s|   match|[46m POST    [0m /user/login   r:/user/login
2020/06/29 20:12:57.039 [D] [server.go:2807]  |            ::1|[42m 200 [0m|     1.0073ms|   match|[44m GET     [0m /     r:/
2020/06/29 20:12:57.069 [D] [server.go:2807]  |            ::1|[42m 200 [0m|           0s|   match|[44m GET     [0m /random   r:/random
2020/06/29 20:12:57.216 [D] [server.go:2807]  |            ::1|[42m 200 [0m|     1.0008ms|   match|[44m GET     [0m /favicon.ico
2020/06/29 20:13:00.752 [D] [server.go:2807]  |            ::1|[42m 200 [0m|     1.0008ms|   match|[46m POST    [0m /user/login   r:/user/login
2020/06/29 20:14:01.582 [D] [server.go:2807]  |            ::1|[42m 200 [0m|     1.0009ms|   match|[44m GET     [0m /     r:/
2020/06/29 20:14:01.613 [D] [server.go:2807]  |            ::1|[42m 200 [0m|     1.0009ms|   match|[44m GET     [0m /random   r:/random
2020/06/29 20:14:01.718 [D] [server.go:2807]  |            ::1|[42m 200 [0m|           0s|   match|[44m GET     [0m /favicon.ico
2020/06/29 20:14:05.709 [D] [server.go:2807]  |            ::1|[42m 200 [0m|           0s|   match|[46m POST    [0m /user/login   r:/user/login
2020/06/29 20:14:31.033 [D] [server.go:2807]  |            ::1|[42m 200 [0m|           0s|   match|[44m GET     [0m /     r:/
2020/06/29 20:14:31.060 [D] [server.go:2807]  |            ::1|[42m 200 [0m|     1.0009ms|   match|[44m GET     [0m /random   r:/random
2020/06/29 20:14:31.196 [D] [server.go:2807]  |            ::1|[42m 200 [0m|     1.0008ms|   match|[44m GET     [0m /favicon.ico
2020/06/29 20:14:34.600 [D] [server.go:2807]  |            ::1|[42m 200 [0m|           0s|   match|[46m POST    [0m /user/login   r:/user/login
2020/06/29 20:15:46.267 [D] [server.go:2807]  |            ::1|[42m 200 [0m|     1.0013ms|   match|[44m GET     [0m /     r:/
2020/06/29 20:15:46.296 [D] [server.go:2807]  |            ::1|[42m 200 [0m|     1.0015ms|   match|[44m GET     [0m /random   r:/random
2020/06/29 20:15:46.443 [D] [server.go:2807]  |            ::1|[42m 200 [0m|           0s|   match|[44m GET     [0m /favicon.ico
2020/06/29 20:15:50.761 [D] [server.go:2807]  |            ::1|[42m 200 [0m|           0s|   match|[46m POST    [0m /user/login   r:/user/login
2020/06/29 20:16:23.459 [D] [server.go:2807]  |            ::1|[42m 200 [0m|     1.0012ms|   match|[44m GET     [0m /     r:/
2020/06/29 20:16:23.485 [D] [server.go:2807]  |            ::1|[42m 200 [0m|     1.0008ms|   match|[44m GET     [0m /random   r:/random
2020/06/29 20:16:23.600 [D] [server.go:2807]  |            ::1|[42m 200 [0m|           0s|   match|[44m GET     [0m /favicon.ico
2020/06/29 20:16:26.453 [D] [server.go:2807]  |            ::1|[42m 200 [0m|           0s|   match|[46m POST    [0m /user/login   r:/user/login
2020/06/29 20:17:26.870 [D] [server.go:2807]  |            ::1|[42m 200 [0m|     1.0014ms|   match|[44m GET     [0m /     r:/
2020/06/29 20:17:26.893 [D] [server.go:2807]  |            ::1|[42m 200 [0m|     1.0005ms|   match|[44m GET     [0m /random   r:/random
2020/06/29 20:17:26.996 [D] [server.go:2807]  |            ::1|[42m 200 [0m|      1.001ms|   match|[44m GET     [0m /favicon.ico
2020/06/29 20:17:30.206 [D] [server.go:2807]  |            ::1|[42m 200 [0m|           0s|   match|[46m POST    [0m /user/login   r:/user/login
2020/06/29 20:17:37.367 [D] [server.go:2807]  |            ::1|[42m 200 [0m|     1.0005ms|   match|[44m GET     [0m /     r:/
2020/06/29 20:17:37.390 [D] [server.go:2807]  |            ::1|[42m 200 [0m|      1.001ms|   match|[44m GET     [0m /random   r:/random
2020/06/29 20:17:37.500 [D] [server.go:2807]  |            ::1|[42m 200 [0m|           0s|   match|[44m GET     [0m /favicon.ico
2020/06/29 20:17:47.050 [D] [server.go:2807]  |            ::1|[42m 200 [0m|     1.0008ms|   match|[44m GET     [0m /     r:/
2020/06/29 20:17:47.074 [D] [server.go:2807]  |            ::1|[42m 200 [0m|     1.0015ms|   match|[44m GET     [0m /random   r:/random
2020/06/29 20:17:47.178 [D] [server.go:2807]  |            ::1|[42m 200 [0m|           0s|   match|[44m GET     [0m /favicon.ico
2020/06/29 20:17:50.688 [D] [server.go:2807]  |            ::1|[42m 200 [0m|           0s|   match|[46m POST    [0m /user/login   r:/user/login
2020/06/29 20:18:02.600 [D] [server.go:2807]  |            ::1|[42m 200 [0m|     1.0011ms|   match|[44m GET     [0m /     r:/
2020/06/29 20:18:02.625 [D] [server.go:2807]  |            ::1|[42m 200 [0m|     1.0009ms|   match|[44m GET     [0m /random   r:/random
2020/06/29 20:18:02.757 [D] [server.go:2807]  |            ::1|[42m 200 [0m|      1.001ms|   match|[44m GET     [0m /favicon.ico
2020/06/29 20:18:05.954 [D] [server.go:2807]  |            ::1|[42m 200 [0m|           0s|   match|[46m POST    [0m /user/login   r:/user/login
2020/06/29 20:18:15.647 [D] [server.go:2807]  |            ::1|[42m 200 [0m|     1.0011ms|   match|[44m GET     [0m /     r:/
2020/06/29 20:18:15.673 [D] [server.go:2807]  |            ::1|[42m 200 [0m|     1.0005ms|   match|[44m GET     [0m /random   r:/random
2020/06/29 20:18:15.775 [D] [server.go:2807]  |            ::1|[42m 200 [0m|           0s|   match|[44m GET     [0m /favicon.ico
2020/06/29 20:18:19.184 [D] [server.go:2807]  |            ::1|[42m 200 [0m|           0s|   match|[46m POST    [0m /user/login   r:/user/login
2020/06/29 20:19:30.268 [D] [server.go:2807]  |            ::1|[42m 200 [0m|      1.001ms|   match|[44m GET     [0m /     r:/
2020/06/29 20:19:30.293 [D] [server.go:2807]  |            ::1|[42m 200 [0m|     1.0013ms|   match|[44m GET     [0m /random   r:/random
2020/06/29 20:19:30.427 [D] [server.go:2807]  |            ::1|[42m 200 [0m|           0s|   match|[44m GET     [0m /favicon.ico
2020/06/29 20:19:33.779 [D] [server.go:2807]  |            ::1|[42m 200 [0m|           0s|   match|[46m POST    [0m /user/login   r:/user/login
2020/06/29 20:19:55.699 [D] [server.go:2807]  |            ::1|[42m 200 [0m|     1.0007ms|   match|[44m GET     [0m /     r:/
2020/06/29 20:19:55.725 [D] [server.go:2807]  |            ::1|[42m 200 [0m|     1.0011ms|   match|[44m GET     [0m /random   r:/random
2020/06/29 20:19:55.831 [D] [server.go:2807]  |            ::1|[42m 200 [0m|     1.0009ms|   match|[44m GET     [0m /favicon.ico
2020/06/29 20:19:58.813 [D] [server.go:2807]  |            ::1|[42m 200 [0m|           0s|   match|[46m POST    [0m /user/login   r:/user/login
2020/06/29 20:20:53.279 [D] [server.go:2807]  |            ::1|[42m 200 [0m|     1.0008ms|   match|[44m GET     [0m /     r:/
2020/06/29 20:20:53.306 [D] [server.go:2807]  |            ::1|[42m 200 [0m|     1.0011ms|   match|[44m GET     [0m /random   r:/random
2020/06/29 20:20:53.418 [D] [server.go:2807]  |            ::1|[42m 200 [0m|           0s|   match|[44m GET     [0m /favicon.ico
2020/06/29 20:20:56.380 [D] [server.go:2807]  |            ::1|[42m 200 [0m|           0s|   match|[46m POST    [0m /user/login   r:/user/login
2020/06/29 20:21:12.675 [D] [server.go:2807]  |            ::1|[42m 200 [0m|     1.0007ms|   match|[44m GET     [0m /     r:/
2020/06/29 20:21:12.701 [D] [server.go:2807]  |            ::1|[42m 200 [0m|     1.0011ms|   match|[44m GET     [0m /random   r:/random
2020/06/29 20:21:12.846 [D] [server.go:2807]  |            ::1|[42m 200 [0m|           0s|   match|[44m GET     [0m /favicon.ico
2020/06/29 20:21:15.496 [D] [server.go:2807]  |            ::1|[42m 200 [0m|     1.0009ms|   match|[46m POST    [0m /user/login   r:/user/login
2020/06/29 20:23:36.259 [D] [server.go:2807]  |            ::1|[42m 200 [0m|           0s|   match|[44m GET     [0m /     r:/
2020/06/29 20:23:36.306 [D] [server.go:2807]  |            ::1|[42m 200 [0m|     1.0007ms|   match|[44m GET     [0m /random   r:/random
2020/06/29 20:23:36.446 [D] [server.go:2807]  |            ::1|[42m 200 [0m|           0s|   match|[44m GET     [0m /favicon.ico
2020/06/29 20:23:39.609 [D] [server.go:2807]  |            ::1|[42m 200 [0m|           0s|   match|[46m POST    [0m /user/login   r:/user/login
2020/06/29 20:30:07.384 [D] [server.go:2807]  |            ::1|[42m 200 [0m|           0s|   match|[44m GET     [0m /     r:/
2020/06/29 20:30:07.415 [D] [server.go:2807]  |            ::1|[42m 200 [0m|     1.0012ms|   match|[44m GET     [0m /random   r:/random
2020/06/29 20:30:07.523 [D] [server.go:2807]  |            ::1|[42m 200 [0m|           0s|   match|[44m GET     [0m /favicon.ico
2020/06/29 20:30:37.318 [D] [server.go:2807]  |            ::1|[42m 200 [0m|     1.0008ms|   match|[44m GET     [0m /     r:/
2020/06/29 20:30:37.343 [D] [server.go:2807]  |            ::1|[42m 200 [0m|     1.0011ms|   match|[44m GET     [0m /random   r:/random
2020/06/29 20:30:37.468 [D] [server.go:2807]  |            ::1|[42m 200 [0m|           0s|   match|[44m GET     [0m /favicon.ico
2020/06/29 20:30:41.436 [D] [server.go:2807]  |            ::1|[42m 200 [0m|           0s|   match|[46m POST    [0m /user/login   r:/user/login
2020/06/29 20:30:42.894 [D] [server.go:2807]  |            ::1|[43m 404 [0m|           0s| nomatch|[44m GET     [0m /myspace/123
2020/06/29 20:30:45.222 [D] [server.go:2807]  |            ::1|[42m 200 [0m|     1.0005ms|   match|[44m GET     [0m /     r:/
2020/06/29 20:30:45.246 [D] [server.go:2807]  |            ::1|[42m 200 [0m|     1.0009ms|   match|[44m GET     [0m /random   r:/random
2020/06/29 20:30:56.353 [D] [server.go:2807]  |            ::1|[42m 200 [0m|           0s|   match|[46m POST    [0m /user/login   r:/user/login
2020/06/29 20:30:57.535 [D] [server.go:2807]  |            ::1|[43m 404 [0m|           0s| nomatch|[44m GET     [0m /myspace/123
2020/06/29 20:30:58.707 [D] [server.go:2807]  |            ::1|[42m 200 [0m|     1.0013ms|   match|[44m GET     [0m /     r:/
2020/06/29 20:30:58.730 [D] [server.go:2807]  |            ::1|[42m 200 [0m|           0s|   match|[44m GET     [0m /random   r:/random
2020/06/29 20:31:20.764 [D] [server.go:2807]  |            ::1|[42m 200 [0m|     1.0016ms|   match|[44m GET     [0m /     r:/
2020/06/29 20:31:20.789 [D] [server.go:2807]  |            ::1|[42m 200 [0m|      1.001ms|   match|[44m GET     [0m /random   r:/random
2020/06/29 20:31:20.927 [D] [server.go:2807]  |            ::1|[42m 200 [0m|           0s|   match|[44m GET     [0m /favicon.ico
2020/06/29 20:31:24.186 [D] [server.go:2807]  |            ::1|[42m 200 [0m|     1.0012ms|   match|[44m GET     [0m /     r:/
2020/06/29 20:31:24.211 [D] [server.go:2807]  |            ::1|[42m 200 [0m|          1ms|   match|[44m GET     [0m /random   r:/random
2020/06/29 20:31:24.317 [D] [server.go:2807]  |            ::1|[42m 200 [0m|     1.0004ms|   match|[44m GET     [0m /favicon.ico
2020/06/29 20:34:40.798 [D] [server.go:2807]  |            ::1|[42m 200 [0m|     1.0011ms|   match|[44m GET     [0m /     r:/
2020/06/29 20:34:40.814 [D] [server.go:2807]  |            ::1|[42m 200 [0m|           0s|   match|[44m GET     [0m /static/layui/jQuery.cookie.js
2020/06/29 20:34:40.829 [D] [server.go:2807]  |            ::1|[42m 200 [0m|     1.0011ms|   match|[44m GET     [0m /random   r:/random
2020/06/29 20:34:40.969 [D] [server.go:2807]  |            ::1|[42m 200 [0m|           0s|   match|[44m GET     [0m /favicon.ico
2020/06/29 20:34:42.442 [D] [server.go:2807]  |            ::1|[42m 200 [0m|     1.0009ms|   match|[44m GET     [0m /     r:/
2020/06/29 20:34:42.467 [D] [server.go:2807]  |            ::1|[42m 200 [0m|     1.0011ms|   match|[44m GET     [0m /random   r:/random
2020/06/29 20:34:42.576 [D] [server.go:2807]  |            ::1|[42m 200 [0m|     1.0008ms|   match|[44m GET     [0m /favicon.ico
2020/06/29 20:34:46.088 [D] [server.go:2807]  |            ::1|[42m 200 [0m|           0s|   match|[44m GET     [0m /     r:/
2020/06/29 20:34:46.113 [D] [server.go:2807]  |            ::1|[42m 200 [0m|     1.0005ms|   match|[44m GET     [0m /random   r:/random
2020/06/29 20:34:46.212 [D] [server.go:2807]  |            ::1|[42m 200 [0m|           0s|   match|[44m GET     [0m /favicon.ico
2020/06/29 20:34:46.536 [D] [server.go:2807]  |            ::1|[42m 200 [0m|     1.0004ms|   match|[44m GET     [0m /     r:/
2020/06/29 20:34:46.558 [D] [server.go:2807]  |            ::1|[42m 200 [0m|           0s|   match|[44m GET     [0m /random   r:/random
2020/06/29 20:34:46.669 [D] [server.go:2807]  |            ::1|[42m 200 [0m|           0s|   match|[44m GET     [0m /favicon.ico
2020/06/29 20:34:46.719 [D] [server.go:2807]  |            ::1|[42m 200 [0m|           0s|   match|[44m GET     [0m /     r:/
2020/06/29 20:34:46.743 [D] [server.go:2807]  |            ::1|[42m 200 [0m|           0s|   match|[44m GET     [0m /random   r:/random
2020/06/29 20:34:46.852 [D] [server.go:2807]  |            ::1|[42m 200 [0m|           0s|   match|[44m GET     [0m /favicon.ico
2020/06/29 20:34:46.887 [D] [server.go:2807]  |            ::1|[42m 200 [0m|     1.0013ms|   match|[44m GET     [0m /     r:/
2020/06/29 20:34:46.920 [D] [server.go:2807]  |            ::1|[42m 200 [0m|     1.0009ms|   match|[44m GET     [0m /random   r:/random
2020/06/29 20:34:47.031 [D] [server.go:2807]  |            ::1|[42m 200 [0m|     1.0007ms|   match|[44m GET     [0m /favicon.ico
2020/06/29 20:34:47.063 [D] [server.go:2807]  |            ::1|[42m 200 [0m|           0s|   match|[44m GET     [0m /     r:/
2020/06/29 20:34:47.097 [D] [server.go:2807]  |            ::1|[42m 200 [0m|     1.0011ms|   match|[44m GET     [0m /random   r:/random
2020/06/29 20:34:47.579 [D] [server.go:2807]  |            ::1|[42m 200 [0m|     1.0009ms|   match|[44m GET     [0m /     r:/
2020/06/29 20:34:47.603 [D] [server.go:2807]  |            ::1|[42m 200 [0m|      1.001ms|   match|[44m GET     [0m /random   r:/random
2020/06/29 20:34:47.714 [D] [server.go:2807]  |            ::1|[42m 200 [0m|           0s|   match|[44m GET     [0m /favicon.ico
2020/06/29 20:34:47.898 [D] [server.go:2807]  |            ::1|[42m 200 [0m|           0s|   match|[44m GET     [0m /     r:/
2020/06/29 20:34:47.921 [D] [server.go:2807]  |            ::1|[42m 200 [0m|           0s|   match|[44m GET     [0m /random   r:/random
2020/06/29 20:34:48.030 [D] [server.go:2807]  |            ::1|[42m 200 [0m|           0s|   match|[44m GET     [0m /favicon.ico
2020/06/29 20:34:48.082 [D] [server.go:2807]  |            ::1|[42m 200 [0m|     1.0012ms|   match|[44m GET     [0m /     r:/
2020/06/29 20:34:48.106 [D] [server.go:2807]  |            ::1|[42m 200 [0m|     1.0008ms|   match|[44m GET     [0m /random   r:/random
2020/06/29 20:34:48.226 [D] [server.go:2807]  |            ::1|[42m 200 [0m|           0s|   match|[44m GET     [0m /favicon.ico
2020/06/29 20:34:48.513 [D] [server.go:2807]  |            ::1|[42m 200 [0m|           0s|   match|[44m GET     [0m /     r:/
2020/06/29 20:34:48.536 [D] [server.go:2807]  |            ::1|[42m 200 [0m|           0s|   match|[44m GET     [0m /random   r:/random
2020/06/29 20:34:48.642 [D] [server.go:2807]  |            ::1|[42m 200 [0m|           0s|   match|[44m GET     [0m /favicon.ico
2020/06/29 20:34:48.654 [D] [server.go:2807]  |            ::1|[42m 200 [0m|     1.0005ms|   match|[44m GET     [0m /     r:/
2020/06/29 20:34:48.696 [D] [server.go:2807]  |            ::1|[42m 200 [0m|           0s|   match|[44m GET     [0m /random   r:/random
2020/06/29 20:34:48.954 [D] [server.go:2807]  |            ::1|[42m 200 [0m|           0s|   match|[44m GET     [0m /     r:/
2020/06/29 20:34:48.979 [D] [server.go:2807]  |            ::1|[42m 200 [0m|           0s|   match|[44m GET     [0m /random   r:/random
2020/06/29 20:34:49.077 [D] [server.go:2807]  |            ::1|[42m 200 [0m|           0s|   match|[44m GET     [0m /favicon.ico
2020/06/29 20:34:49.322 [D] [server.go:2807]  |            ::1|[42m 200 [0m|     1.0008ms|   match|[44m GET     [0m /     r:/
2020/06/29 20:34:49.346 [D] [server.go:2807]  |            ::1|[42m 200 [0m|           0s|   match|[44m GET     [0m /random   r:/random
2020/06/29 20:34:49.471 [D] [server.go:2807]  |            ::1|[42m 200 [0m|           0s|   match|[44m GET     [0m /favicon.ico
2020/06/29 20:34:49.681 [D] [server.go:2807]  |            ::1|[42m 200 [0m|           0s|   match|[44m GET     [0m /     r:/
2020/06/29 20:34:49.705 [D] [server.go:2807]  |            ::1|[42m 200 [0m|     1.0004ms|   match|[44m GET     [0m /random   r:/random
2020/06/29 20:34:49.805 [D] [server.go:2807]  |            ::1|[42m 200 [0m|     1.0011ms|   match|[44m GET     [0m /favicon.ico
2020/06/29 20:34:49.857 [D] [server.go:2807]  |            ::1|[42m 200 [0m|           0s|   match|[44m GET     [0m /     r:/
2020/06/29 20:34:49.879 [D] [server.go:2807]  |            ::1|[42m 200 [0m|      721.4µs|   match|[44m GET     [0m /random   r:/random
2020/06/29 20:34:49.981 [D] [server.go:2807]  |            ::1|[42m 200 [0m|           0s|   match|[44m GET     [0m /favicon.ico
2020/06/29 20:34:50.019 [D] [server.go:2807]  |            ::1|[42m 200 [0m|     1.0008ms|   match|[44m GET     [0m /     r:/
2020/06/29 20:34:50.054 [D] [server.go:2807]  |            ::1|[42m 200 [0m|           0s|   match|[44m GET     [0m /random   r:/random
2020/06/29 20:34:50.161 [D] [server.go:2807]  |            ::1|[42m 200 [0m|           0s|   match|[44m GET     [0m /favicon.ico
2020/06/29 20:34:50.300 [D] [server.go:2807]  |            ::1|[42m 200 [0m|     1.0012ms|   match|[44m GET     [0m /     r:/
2020/06/29 20:34:50.323 [D] [server.go:2807]  |            ::1|[42m 200 [0m|           0s|   match|[44m GET     [0m /random   r:/random
2020/06/29 20:34:50.426 [D] [server.go:2807]  |            ::1|[42m 200 [0m|           0s|   match|[44m GET     [0m /favicon.ico
2020/06/29 20:34:50.463 [D] [server.go:2807]  |            ::1|[42m 200 [0m|     1.0006ms|   match|[44m GET     [0m /     r:/
2020/06/29 20:34:50.498 [D] [server.go:2807]  |            ::1|[42m 200 [0m|           0s|   match|[44m GET     [0m /random   r:/random
2020/06/29 20:34:50.620 [D] [server.go:2807]  |            ::1|[42m 200 [0m|           0s|   match|[44m GET     [0m /favicon.ico
2020/06/29 20:34:50.739 [D] [server.go:2807]  |            ::1|[42m 200 [0m|     1.0005ms|   match|[44m GET     [0m /     r:/
2020/06/29 20:34:50.761 [D] [server.go:2807]  |            ::1|[42m 200 [0m|     1.0015ms|   match|[44m GET     [0m /random   r:/random
2020/06/29 20:34:50.860 [D] [server.go:2807]  |            ::1|[42m 200 [0m|           0s|   match|[44m GET     [0m /favicon.ico
2020/06/29 20:34:50.899 [D] [server.go:2807]  |            ::1|[42m 200 [0m|           0s|   match|[44m GET     [0m /     r:/
2020/06/29 20:34:50.933 [D] [server.go:2807]  |            ::1|[42m 200 [0m|     1.0014ms|   match|[44m GET     [0m /random   r:/random
2020/06/29 20:34:51.040 [D] [server.go:2807]  |            ::1|[42m 200 [0m|           0s|   match|[44m GET     [0m /favicon.ico
2020/06/29 20:34:51.187 [D] [server.go:2807]  |            ::1|[42m 200 [0m|     1.0011ms|   match|[44m GET     [0m /     r:/
2020/06/29 20:34:51.210 [D] [server.go:2807]  |            ::1|[42m 200 [0m|           0s|   match|[44m GET     [0m /random   r:/random
2020/06/29 20:34:51.305 [D] [server.go:2807]  |            ::1|[42m 200 [0m|           0s|   match|[44m GET     [0m /favicon.ico
2020/06/29 20:34:59.538 [D] [server.go:2807]  |            ::1|[42m 200 [0m|     1.0005ms|   match|[44m GET     [0m /     r:/
2020/06/29 20:34:59.585 [D] [server.go:2807]  |            ::1|[42m 200 [0m|     1.0001ms|   match|[44m GET     [0m /random   r:/random
2020/06/29 20:35:06.177 [D] [server.go:2807]  |            ::1|[42m 200 [0m|     1.0009ms|   match|[46m POST    [0m /user/login   r:/user/login
2020/06/29 20:35:08.033 [D] [server.go:2807]  |            ::1|[42m 200 [0m|     1.0012ms|   match|[44m GET     [0m /     r:/
2020/06/29 20:35:08.057 [D] [server.go:2807]  |            ::1|[42m 200 [0m|     1.0015ms|   match|[44m GET     [0m /random   r:/random
2020/06/29 20:35:08.160 [D] [server.go:2807]  |            ::1|[42m 200 [0m|           0s|   match|[44m GET     [0m /favicon.ico
2020/06/29 20:35:09.669 [D] [server.go:2807]  |            ::1|[42m 200 [0m|           0s|   match|[44m GET     [0m /     r:/
2020/06/29 20:35:09.695 [D] [server.go:2807]  |            ::1|[42m 200 [0m|     1.0013ms|   match|[44m GET     [0m /random   r:/random
2020/06/29 20:35:09.800 [D] [server.go:2807]  |            ::1|[42m 200 [0m|           0s|   match|[44m GET     [0m /favicon.ico
2020/06/29 20:35:21.542 [D] [server.go:2807]  |            ::1|[42m 200 [0m|           0s|   match|[46m POST    [0m /user/login   r:/user/login
2020/07/02 00:32:41.676 [I] [asm_amd64.s:1373]  http server Running on http://:8080
2020/07/02 00:32:50.727 [D] [server.go:2807]  |            ::1|[42m 200 [0m|     3.0026ms|   match|[44m GET     [0m /     r:/
2020/07/02 00:32:50.775 [D] [server.go:2807]  |            ::1|[42m 200 [0m|           0s|   match|[44m GET     [0m /static/layui/jQuerySession.js
2020/07/02 00:32:50.789 [D] [server.go:2807]  |            ::1|[42m 200 [0m|     1.0005ms|   match|[44m GET     [0m /random   r:/random
2020/07/02 00:33:01.032 [D] [server.go:2807]  |            ::1|[42m 200 [0m|     1.0011ms|   match|[44m GET     [0m /     r:/
2020/07/02 00:33:01.055 [D] [server.go:2807]  |            ::1|[42m 200 [0m|     1.0014ms|   match|[44m GET     [0m /static/mint-ui/lib/style.css
2020/07/02 00:33:01.056 [D] [server.go:2807]  |            ::1|[42m 200 [0m|     1.0004ms|   match|[44m GET     [0m /static/mint-ui/vue.js
2020/07/02 00:33:01.058 [D] [server.go:2807]  |            ::1|[42m 200 [0m|     1.0021ms|   match|[44m GET     [0m /static/mint-ui/lib/index.js
2020/07/02 00:33:01.158 [D] [server.go:2807]  |            ::1|[42m 200 [0m|           0s|   match|[44m GET     [0m /favicon.ico
2020/07/06 22:18:52.953 [I] [asm_amd64.s:1373]  http server Running on http://:8080
2020/07/06 22:19:06.326 [D] [server.go:2807]  |            ::1|[42m 200 [0m|     3.0028ms|   match|[44m GET     [0m /     r:/
2020/07/06 22:19:06.370 [D] [server.go:2807]  |            ::1|[47m 304 [0m|           0s|   match|[44m GET     [0m /static/layui/css/layui.css
2020/07/06 22:19:06.389 [D] [server.go:2807]  |            ::1|[47m 304 [0m|    16.0147ms|   match|[44m GET     [0m /static/layui/layui.js
2020/07/06 22:19:06.403 [D] [server.go:2807]  |            ::1|[47m 304 [0m|    29.0254ms|   match|[44m GET     [0m /static/layui/jQuery.js
2020/07/06 22:19:06.439 [D] [server.go:2807]  |            ::1|[42m 200 [0m|     64.057ms|   match|[44m GET     [0m /static/layui/jQuerySession.js
2020/07/06 22:19:06.446 [D] [server.go:2807]  |            ::1|[42m 200 [0m|     1.0005ms|   match|[44m GET     [0m /random   r:/random
2020/07/06 22:19:06.494 [D] [server.go:2807]  |            ::1|[47m 304 [0m|    10.0085ms|   match|[44m GET     [0m /static/layui/lay/modules/element.js
2020/07/06 22:19:06.514 [D] [server.go:2807]  |            ::1|[47m 304 [0m|    22.0187ms|   match|[44m GET     [0m /static/layui/font/iconfont.woff2
2020/07/06 22:19:15.185 [D] [server.go:2807]  |            ::1|[42m 200 [0m|           0s|   match|[44m GET     [0m /     r:/
2020/07/06 22:19:15.204 [D] [server.go:2807]  |            ::1|[47m 304 [0m|      1.001ms|   match|[44m GET     [0m /static/mint-ui/vue.js
2020/07/06 22:19:15.292 [D] [server.go:2807]  |            ::1|[42m 200 [0m|      1.001ms|   match|[44m GET     [0m /favicon.ico
2020/07/06 22:27:06.129 [D] [server.go:2807]  |            ::1|[42m 200 [0m|     1.0008ms|   match|[44m GET     [0m /     r:/
2020/07/06 22:27:06.147 [D] [server.go:2807]  |            ::1|[42m 200 [0m|           0s|   match|[44m GET     [0m /static/mint-ui/lib/header/style.css
2020/07/06 22:27:06.235 [D] [server.go:2807]  |            ::1|[42m 200 [0m|           0s|   match|[44m GET     [0m /favicon.ico
2020/07/06 22:27:16.304 [D] [server.go:2807]  |            ::1|[42m 200 [0m|     1.0005ms|   match|[44m GET     [0m /     r:/
2020/07/06 22:27:16.413 [D] [server.go:2807]  |            ::1|[42m 200 [0m|           0s|   match|[44m GET     [0m /favicon.ico
2020/07/06 22:27:17.743 [D] [server.go:2807]  |            ::1|[42m 200 [0m|           0s|   match|[44m GET     [0m /     r:/
2020/07/06 22:27:17.840 [D] [server.go:2807]  |            ::1|[42m 200 [0m|           0s|   match|[44m GET     [0m /favicon.ico
2020/07/06 22:27:18.496 [D] [server.go:2807]  |            ::1|[42m 200 [0m|     1.0008ms|   match|[44m GET     [0m /     r:/
2020/07/06 22:27:18.590 [D] [server.go:2807]  |            ::1|[42m 200 [0m|           0s|   match|[44m GET     [0m /favicon.ico
2020/07/06 22:27:18.881 [D] [server.go:2807]  |            ::1|[42m 200 [0m|     1.0008ms|   match|[44m GET     [0m /     r:/
2020/07/06 22:27:18.946 [D] [server.go:2807]  |            ::1|[42m 200 [0m|     1.0011ms|   match|[44m GET     [0m /favicon.ico
2020/07/06 22:27:19.278 [D] [server.go:2807]  |            ::1|[42m 200 [0m|     1.0012ms|   match|[44m GET     [0m /     r:/
2020/07/06 22:27:19.362 [D] [server.go:2807]  |            ::1|[42m 200 [0m|           0s|   match|[44m GET     [0m /favicon.ico
